<?xml version="1.0" encoding="UTF-8" ?>
<testsuite tests="11" failures="0" name="fr.univavignon.pokedex.api.IPokedexTest" time="0.006" errors="0" skipped="0">
  <properties>
[...]
</properties>
  <testcase classname="fr.univavignon.pokedex.api.IPokedexTest" name="shouldReturnAqualiWhenGetPokemonIndexIs133" time="0"/>
  <testcase classname="fr.univavignon.pokedex.api.IPokedexTest" name="shouldReturn133WhenAqualiIsAdded" time="0"/>
  <testcase classname="fr.univavignon.pokedex.api.IPokedexTest" name="shouldReturnPBulbizarreMetadata" time="0"/>
  <testcase classname="fr.univavignon.pokedex.api.IPokedexTest" name="shouldReturn0WhenBulbizarreIsAdded" time="0"/>
  <testcase classname="fr.univavignon.pokedex.api.IPokedexTest" name="exceptionPokedexTestIndexGreaterThanListSize" time="0"/>
  <testcase classname="fr.univavignon.pokedex.api.IPokedexTest" name="shouldReturnPokemonsOrderedWhenPokemonListIsGiven" time="0.002"/>
  <testcase classname="fr.univavignon.pokedex.api.IPokedexTest" name="shouldReturnPokemonsWhenPokemonListIsGiven" time="0"/>
  <testcase classname="fr.univavignon.pokedex.api.IPokedexTest" name="shouldReturnBulbizarreWhenGetPokemonIndexIsO" time="0.001"/>
  <testcase classname="fr.univavignon.pokedex.api.IPokedexTest" name="shouldReturnPBulbizarre" time="0.001"/>
  <testcase classname="fr.univavignon.pokedex.api.IPokedexTest" name="exceptionPokedexTestNegativeIndex" time="0.001"/>
  <testcase classname="fr.univavignon.pokedex.api.IPokedexTest" name="shouldReturn1WhenGetSize" time="0.001"/>
</testsuite>